{"data":{},"file":"following_handler.go:115","func":"FollowService/http/handler.followingHandler.GetAllUsersFollowings","level":"info","msg":"Handling GETTING ALL USERS FOLLOWINGS","time":"2021-06-12 05:37:56"}
{"data":{},"file":"following_usecase.go:67","func":"FollowService/usecase.followingUseCase.GetAllUsersFollowings","level":"info","msg":"getting all users following","time":"2021-06-12 05:37:56"}
{"data":{},"file":"follower_handler.go:46","func":"FollowService/http/handler.followerHandler.GetAllUsersFollowers","level":"info","msg":"Handling GET ALL USERS FOLLOWERS","time":"2021-06-12 05:38:34"}
{"data":{},"file":"follower_usecase.go:43","func":"FollowService/usecase.followerUseCase.GetAllUsersFollowers","level":"info","msg":"getting all users followers","time":"2021-06-12 05:38:34"}
{"data":{},"file":"following_handler.go:48","func":"FollowService/http/handler.(*followingHandler).IsAllowedToFollow","level":"info","msg":"Handling IS ALLOW TO FOLLOW ","time":"2021-06-12 05:39:11"}
{"data":{},"file":"following_handler.go:60","func":"FollowService/http/handler.(*followingHandler).IsAllowedToFollow","level":"error","msg":"same user follow error","time":"2021-06-12 05:39:11"}
{"data":{},"file":"following_handler.go:48","func":"FollowService/http/handler.(*followingHandler).IsAllowedToFollow","level":"info","msg":"Handling IS ALLOW TO FOLLOW ","time":"2021-06-12 05:41:39"}
{"data":{},"file":"following_handler.go:60","func":"FollowService/http/handler.(*followingHandler).IsAllowedToFollow","level":"error","msg":"same user follow error","time":"2021-06-12 05:41:39"}
{"data":{},"file":"following_handler.go:115","func":"FollowService/http/handler.followingHandler.GetAllUsersFollowings","level":"info","msg":"Handling GETTING ALL USERS FOLLOWINGS","time":"2021-06-13 02:34:59"}
{"data":{},"file":"following_handler.go:115","func":"FollowService/http/handler.followingHandler.GetAllUsersFollowings","level":"info","msg":"Handling GETTING ALL USERS FOLLOWINGS","time":"2021-06-13 02:34:59"}
{"data":{},"file":"following_usecase.go:67","func":"FollowService/usecase.followingUseCase.GetAllUsersFollowings","level":"info","msg":"getting all users following","time":"2021-06-13 02:34:59"}
{"data":{},"file":"following_usecase.go:67","func":"FollowService/usecase.followingUseCase.GetAllUsersFollowings","level":"info","msg":"getting all users following","time":"2021-06-13 02:34:59"}
{"data":{},"file":"follower_handler.go:23","func":"FollowService/http/handler.followerHandler.GetAllUsersFollowersFron","level":"info","msg":"Handling GET ALL USERS FOLLOWERS FOR FRONT","time":"2021-06-13 02:35:05"}
{"data":{},"file":"follower_usecase.go:30","func":"FollowService/usecase.followerUseCase.GetFollowersForFront","level":"info","msg":"getting followers for front","time":"2021-06-13 02:35:05"}
{"data":{},"file":"follower_usecase.go:43","func":"FollowService/usecase.followerUseCase.GetAllUsersFollowers","level":"info","msg":"getting all users followers","time":"2021-06-13 02:35:05"}
{"data":{},"file":"following_usecase.go:35","func":"FollowService/usecase.followingUseCase.GetUserFollowingsForFrontend","level":"info","msg":"getting user followings for fronend","time":"2021-06-13 02:35:05"}
{"data":{},"file":"following_usecase.go:67","func":"FollowService/usecase.followingUseCase.GetAllUsersFollowings","level":"info","msg":"getting all users following","time":"2021-06-13 02:35:05"}
{"data":{},"file":"following_handler.go:115","func":"FollowService/http/handler.followingHandler.GetAllUsersFollowings","level":"info","msg":"Handling GETTING ALL USERS FOLLOWINGS","time":"2021-06-13 02:35:08"}
{"data":{},"file":"following_usecase.go:67","func":"FollowService/usecase.followingUseCase.GetAllUsersFollowings","level":"info","msg":"getting all users following","time":"2021-06-13 02:35:08"}
{"data":{},"file":"following_handler.go:115","func":"FollowService/http/handler.followingHandler.GetAllUsersFollowings","level":"info","msg":"Handling GETTING ALL USERS FOLLOWINGS","time":"2021-06-13 02:35:08"}
{"data":{},"file":"following_usecase.go:67","func":"FollowService/usecase.followingUseCase.GetAllUsersFollowings","level":"info","msg":"getting all users following","time":"2021-06-13 02:35:08"}
{"data":{},"file":"following_handler.go:115","func":"FollowService/http/handler.followingHandler.GetAllUsersFollowings","level":"info","msg":"Handling GETTING ALL USERS FOLLOWINGS","time":"2021-06-13 02:37:44"}
{"data":{},"file":"following_usecase.go:67","func":"FollowService/usecase.followingUseCase.GetAllUsersFollowings","level":"info","msg":"getting all users following","time":"2021-06-13 02:37:44"}
{"data":{},"file":"following_handler.go:115","func":"FollowService/http/handler.followingHandler.GetAllUsersFollowings","level":"info","msg":"Handling GETTING ALL USERS FOLLOWINGS","time":"2021-06-13 02:37:44"}
{"data":{},"file":"following_usecase.go:67","func":"FollowService/usecase.followingUseCase.GetAllUsersFollowings","level":"info","msg":"getting all users following","time":"2021-06-13 02:37:44"}
{"data":{},"file":"following_handler.go:115","func":"FollowService/http/handler.followingHandler.GetAllUsersFollowings","level":"info","msg":"Handling GETTING ALL USERS FOLLOWINGS","time":"2021-06-13 02:41:05"}
{"data":{},"file":"following_usecase.go:67","func":"FollowService/usecase.followingUseCase.GetAllUsersFollowings","level":"info","msg":"getting all users following","time":"2021-06-13 02:41:05"}
{"data":{},"file":"following_handler.go:115","func":"FollowService/http/handler.followingHandler.GetAllUsersFollowings","level":"info","msg":"Handling GETTING ALL USERS FOLLOWINGS","time":"2021-06-13 02:41:05"}
{"data":{},"file":"following_usecase.go:67","func":"FollowService/usecase.followingUseCase.GetAllUsersFollowings","level":"info","msg":"getting all users following","time":"2021-06-13 02:41:05"}
{"data":{},"file":"following_handler.go:115","func":"FollowService/http/handler.followingHandler.GetAllUsersFollowings","level":"info","msg":"Handling GETTING ALL USERS FOLLOWINGS","time":"2021-06-13 02:41:52"}
{"data":{},"file":"following_usecase.go:67","func":"FollowService/usecase.followingUseCase.GetAllUsersFollowings","level":"info","msg":"getting all users following","time":"2021-06-13 02:41:52"}
{"data":{},"file":"following_handler.go:115","func":"FollowService/http/handler.followingHandler.GetAllUsersFollowings","level":"info","msg":"Handling GETTING ALL USERS FOLLOWINGS","time":"2021-06-13 02:41:52"}
{"data":{},"file":"following_usecase.go:67","func":"FollowService/usecase.followingUseCase.GetAllUsersFollowings","level":"info","msg":"getting all users following","time":"2021-06-13 02:41:52"}
{"data":{},"file":"follower_handler.go:23","func":"FollowService/http/handler.followerHandler.GetAllUsersFollowersFron","level":"info","msg":"Handling GET ALL USERS FOLLOWERS FOR FRONT","time":"2021-06-13 02:41:53"}
{"data":{},"file":"follower_usecase.go:30","func":"FollowService/usecase.followerUseCase.GetFollowersForFront","level":"info","msg":"getting followers for front","time":"2021-06-13 02:41:53"}
{"data":{},"file":"follower_usecase.go:43","func":"FollowService/usecase.followerUseCase.GetAllUsersFollowers","level":"info","msg":"getting all users followers","time":"2021-06-13 02:41:53"}
{"data":{},"file":"following_usecase.go:35","func":"FollowService/usecase.followingUseCase.GetUserFollowingsForFrontend","level":"info","msg":"getting user followings for fronend","time":"2021-06-13 02:41:53"}
{"data":{},"file":"following_usecase.go:67","func":"FollowService/usecase.followingUseCase.GetAllUsersFollowings","level":"info","msg":"getting all users following","time":"2021-06-13 02:41:53"}
{"data":{},"file":"following_handler.go:115","func":"FollowService/http/handler.followingHandler.GetAllUsersFollowings","level":"info","msg":"Handling GETTING ALL USERS FOLLOWINGS","time":"2021-06-13 02:44:18"}
{"data":{},"file":"following_usecase.go:67","func":"FollowService/usecase.followingUseCase.GetAllUsersFollowings","level":"info","msg":"getting all users following","time":"2021-06-13 02:44:18"}
{"data":{},"file":"following_handler.go:115","func":"FollowService/http/handler.followingHandler.GetAllUsersFollowings","level":"info","msg":"Handling GETTING ALL USERS FOLLOWINGS","time":"2021-06-13 02:44:18"}
{"data":{},"file":"following_usecase.go:67","func":"FollowService/usecase.followingUseCase.GetAllUsersFollowings","level":"info","msg":"getting all users following","time":"2021-06-13 02:44:18"}
{"data":{},"file":"following_handler.go:115","func":"FollowService/http/handler.followingHandler.GetAllUsersFollowings","level":"info","msg":"Handling GETTING ALL USERS FOLLOWINGS","time":"2021-06-13 02:44:49"}
{"data":{},"file":"following_usecase.go:67","func":"FollowService/usecase.followingUseCase.GetAllUsersFollowings","level":"info","msg":"getting all users following","time":"2021-06-13 02:44:49"}
{"data":{},"file":"following_handler.go:115","func":"FollowService/http/handler.followingHandler.GetAllUsersFollowings","level":"info","msg":"Handling GETTING ALL USERS FOLLOWINGS","time":"2021-06-13 02:44:49"}
{"data":{},"file":"following_usecase.go:67","func":"FollowService/usecase.followingUseCase.GetAllUsersFollowings","level":"info","msg":"getting all users following","time":"2021-06-13 02:44:49"}
{"data":{},"file":"following_handler.go:115","func":"FollowService/http/handler.followingHandler.GetAllUsersFollowings","level":"info","msg":"Handling GETTING ALL USERS FOLLOWINGS","time":"2021-06-13 02:49:59"}
{"data":{},"file":"following_usecase.go:67","func":"FollowService/usecase.followingUseCase.GetAllUsersFollowings","level":"info","msg":"getting all users following","time":"2021-06-13 02:49:59"}
{"data":{},"file":"following_handler.go:115","func":"FollowService/http/handler.followingHandler.GetAllUsersFollowings","level":"info","msg":"Handling GETTING ALL USERS FOLLOWINGS","time":"2021-06-13 02:49:59"}
{"data":{},"file":"following_usecase.go:67","func":"FollowService/usecase.followingUseCase.GetAllUsersFollowings","level":"info","msg":"getting all users following","time":"2021-06-13 02:49:59"}
{"data":{},"file":"following_handler.go:115","func":"FollowService/http/handler.followingHandler.GetAllUsersFollowings","level":"info","msg":"Handling GETTING ALL USERS FOLLOWINGS","time":"2021-06-13 02:51:03"}
{"data":{},"file":"following_usecase.go:67","func":"FollowService/usecase.followingUseCase.GetAllUsersFollowings","level":"info","msg":"getting all users following","time":"2021-06-13 02:51:03"}
{"data":{},"file":"following_handler.go:115","func":"FollowService/http/handler.followingHandler.GetAllUsersFollowings","level":"info","msg":"Handling GETTING ALL USERS FOLLOWINGS","time":"2021-06-13 02:51:03"}
{"data":{},"file":"following_usecase.go:67","func":"FollowService/usecase.followingUseCase.GetAllUsersFollowings","level":"info","msg":"getting all users following","time":"2021-06-13 02:51:03"}
{"data":{},"file":"following_handler.go:115","func":"FollowService/http/handler.followingHandler.GetAllUsersFollowings","level":"info","msg":"Handling GETTING ALL USERS FOLLOWINGS","time":"2021-06-13 02:52:30"}
{"data":{},"file":"following_usecase.go:67","func":"FollowService/usecase.followingUseCase.GetAllUsersFollowings","level":"info","msg":"getting all users following","time":"2021-06-13 02:52:30"}
{"data":{},"file":"following_handler.go:115","func":"FollowService/http/handler.followingHandler.GetAllUsersFollowings","level":"info","msg":"Handling GETTING ALL USERS FOLLOWINGS","time":"2021-06-13 02:53:16"}
{"data":{},"file":"following_usecase.go:67","func":"FollowService/usecase.followingUseCase.GetAllUsersFollowings","level":"info","msg":"getting all users following","time":"2021-06-13 02:53:16"}
{"data":{},"file":"following_handler.go:115","func":"FollowService/http/handler.followingHandler.GetAllUsersFollowings","level":"info","msg":"Handling GETTING ALL USERS FOLLOWINGS","time":"2021-06-13 02:53:16"}
{"data":{},"file":"following_usecase.go:67","func":"FollowService/usecase.followingUseCase.GetAllUsersFollowings","level":"info","msg":"getting all users following","time":"2021-06-13 02:53:16"}
{"data":{},"file":"following_handler.go:115","func":"FollowService/http/handler.followingHandler.GetAllUsersFollowings","level":"info","msg":"Handling GETTING ALL USERS FOLLOWINGS","time":"2021-06-13 02:57:08"}
{"data":{},"file":"following_usecase.go:67","func":"FollowService/usecase.followingUseCase.GetAllUsersFollowings","level":"info","msg":"getting all users following","time":"2021-06-13 02:57:08"}
{"data":{},"file":"following_handler.go:115","func":"FollowService/http/handler.followingHandler.GetAllUsersFollowings","level":"info","msg":"Handling GETTING ALL USERS FOLLOWINGS","time":"2021-06-13 02:57:08"}
{"data":{},"file":"following_usecase.go:67","func":"FollowService/usecase.followingUseCase.GetAllUsersFollowings","level":"info","msg":"getting all users following","time":"2021-06-13 02:57:08"}
{"data":{},"file":"following_handler.go:115","func":"FollowService/http/handler.followingHandler.GetAllUsersFollowings","level":"info","msg":"Handling GETTING ALL USERS FOLLOWINGS","time":"2021-06-13 02:58:49"}
{"data":{},"file":"following_usecase.go:67","func":"FollowService/usecase.followingUseCase.GetAllUsersFollowings","level":"info","msg":"getting all users following","time":"2021-06-13 02:58:49"}
{"data":{},"file":"following_handler.go:115","func":"FollowService/http/handler.followingHandler.GetAllUsersFollowings","level":"info","msg":"Handling GETTING ALL USERS FOLLOWINGS","time":"2021-06-13 02:58:49"}
{"data":{},"file":"following_usecase.go:67","func":"FollowService/usecase.followingUseCase.GetAllUsersFollowings","level":"info","msg":"getting all users following","time":"2021-06-13 02:58:49"}
{"data":{},"file":"following_handler.go:115","func":"FollowService/http/handler.followingHandler.GetAllUsersFollowings","level":"info","msg":"Handling GETTING ALL USERS FOLLOWINGS","time":"2021-06-13 03:04:11"}
{"data":{},"file":"following_usecase.go:67","func":"FollowService/usecase.followingUseCase.GetAllUsersFollowings","level":"info","msg":"getting all users following","time":"2021-06-13 03:04:11"}
{"data":{},"file":"following_handler.go:115","func":"FollowService/http/handler.followingHandler.GetAllUsersFollowings","level":"info","msg":"Handling GETTING ALL USERS FOLLOWINGS","time":"2021-06-13 03:04:11"}
{"data":{},"file":"following_usecase.go:67","func":"FollowService/usecase.followingUseCase.GetAllUsersFollowings","level":"info","msg":"getting all users following","time":"2021-06-13 03:04:11"}
{"data":{},"file":"following_handler.go:115","func":"FollowService/http/handler.followingHandler.GetAllUsersFollowings","level":"info","msg":"Handling GETTING ALL USERS FOLLOWINGS","time":"2021-06-13 03:04:24"}
{"data":{},"file":"following_usecase.go:67","func":"FollowService/usecase.followingUseCase.GetAllUsersFollowings","level":"info","msg":"getting all users following","time":"2021-06-13 03:04:24"}
{"data":{},"file":"following_handler.go:115","func":"FollowService/http/handler.followingHandler.GetAllUsersFollowings","level":"info","msg":"Handling GETTING ALL USERS FOLLOWINGS","time":"2021-06-13 03:04:24"}
{"data":{},"file":"following_usecase.go:67","func":"FollowService/usecase.followingUseCase.GetAllUsersFollowings","level":"info","msg":"getting all users following","time":"2021-06-13 03:04:24"}
{"data":{},"file":"following_handler.go:115","func":"FollowService/http/handler.followingHandler.GetAllUsersFollowings","level":"info","msg":"Handling GETTING ALL USERS FOLLOWINGS","time":"2021-06-13 03:04:32"}
{"data":{},"file":"following_usecase.go:67","func":"FollowService/usecase.followingUseCase.GetAllUsersFollowings","level":"info","msg":"getting all users following","time":"2021-06-13 03:04:32"}
{"data":{},"file":"following_handler.go:115","func":"FollowService/http/handler.followingHandler.GetAllUsersFollowings","level":"info","msg":"Handling GETTING ALL USERS FOLLOWINGS","time":"2021-06-13 03:04:32"}
{"data":{},"file":"following_usecase.go:67","func":"FollowService/usecase.followingUseCase.GetAllUsersFollowings","level":"info","msg":"getting all users following","time":"2021-06-13 03:04:32"}
{"data":{},"file":"following_handler.go:115","func":"FollowService/http/handler.followingHandler.GetAllUsersFollowings","level":"info","msg":"Handling GETTING ALL USERS FOLLOWINGS","time":"2021-06-13 03:05:51"}
{"data":{},"file":"following_usecase.go:67","func":"FollowService/usecase.followingUseCase.GetAllUsersFollowings","level":"info","msg":"getting all users following","time":"2021-06-13 03:05:51"}
{"data":{},"file":"following_handler.go:115","func":"FollowService/http/handler.followingHandler.GetAllUsersFollowings","level":"info","msg":"Handling GETTING ALL USERS FOLLOWINGS","time":"2021-06-13 03:05:51"}
{"data":{},"file":"following_usecase.go:67","func":"FollowService/usecase.followingUseCase.GetAllUsersFollowings","level":"info","msg":"getting all users following","time":"2021-06-13 03:05:51"}
{"data":{},"file":"following_handler.go:115","func":"FollowService/http/handler.followingHandler.GetAllUsersFollowings","level":"info","msg":"Handling GETTING ALL USERS FOLLOWINGS","time":"2021-06-13 03:07:35"}
{"data":{},"file":"following_usecase.go:67","func":"FollowService/usecase.followingUseCase.GetAllUsersFollowings","level":"info","msg":"getting all users following","time":"2021-06-13 03:07:35"}
{"data":{},"file":"following_handler.go:115","func":"FollowService/http/handler.followingHandler.GetAllUsersFollowings","level":"info","msg":"Handling GETTING ALL USERS FOLLOWINGS","time":"2021-06-13 03:07:35"}
{"data":{},"file":"following_usecase.go:67","func":"FollowService/usecase.followingUseCase.GetAllUsersFollowings","level":"info","msg":"getting all users following","time":"2021-06-13 03:07:35"}
{"data":{},"file":"following_handler.go:115","func":"FollowService/http/handler.followingHandler.GetAllUsersFollowings","level":"info","msg":"Handling GETTING ALL USERS FOLLOWINGS","time":"2021-06-13 03:07:40"}
{"data":{},"file":"following_usecase.go:67","func":"FollowService/usecase.followingUseCase.GetAllUsersFollowings","level":"info","msg":"getting all users following","time":"2021-06-13 03:07:40"}
{"data":{},"file":"following_handler.go:115","func":"FollowService/http/handler.followingHandler.GetAllUsersFollowings","level":"info","msg":"Handling GETTING ALL USERS FOLLOWINGS","time":"2021-06-13 03:07:40"}
{"data":{},"file":"following_usecase.go:67","func":"FollowService/usecase.followingUseCase.GetAllUsersFollowings","level":"info","msg":"getting all users following","time":"2021-06-13 03:07:40"}
{"data":{},"file":"following_handler.go:115","func":"FollowService/http/handler.followingHandler.GetAllUsersFollowings","level":"info","msg":"Handling GETTING ALL USERS FOLLOWINGS","time":"2021-06-13 03:09:03"}
{"data":{},"file":"following_usecase.go:67","func":"FollowService/usecase.followingUseCase.GetAllUsersFollowings","level":"info","msg":"getting all users following","time":"2021-06-13 03:09:03"}
{"data":{},"file":"following_handler.go:115","func":"FollowService/http/handler.followingHandler.GetAllUsersFollowings","level":"info","msg":"Handling GETTING ALL USERS FOLLOWINGS","time":"2021-06-13 03:09:03"}
{"data":{},"file":"following_usecase.go:67","func":"FollowService/usecase.followingUseCase.GetAllUsersFollowings","level":"info","msg":"getting all users following","time":"2021-06-13 03:09:03"}
{"data":{},"file":"following_handler.go:115","func":"FollowService/http/handler.followingHandler.GetAllUsersFollowings","level":"info","msg":"Handling GETTING ALL USERS FOLLOWINGS","time":"2021-06-13 03:10:20"}
{"data":{},"file":"following_usecase.go:67","func":"FollowService/usecase.followingUseCase.GetAllUsersFollowings","level":"info","msg":"getting all users following","time":"2021-06-13 03:10:20"}
{"data":{},"file":"following_handler.go:115","func":"FollowService/http/handler.followingHandler.GetAllUsersFollowings","level":"info","msg":"Handling GETTING ALL USERS FOLLOWINGS","time":"2021-06-13 03:11:16"}
{"data":{},"file":"following_usecase.go:67","func":"FollowService/usecase.followingUseCase.GetAllUsersFollowings","level":"info","msg":"getting all users following","time":"2021-06-13 03:11:16"}
{"data":{},"file":"following_handler.go:115","func":"FollowService/http/handler.followingHandler.GetAllUsersFollowings","level":"info","msg":"Handling GETTING ALL USERS FOLLOWINGS","time":"2021-06-13 03:11:16"}
{"data":{},"file":"following_usecase.go:67","func":"FollowService/usecase.followingUseCase.GetAllUsersFollowings","level":"info","msg":"getting all users following","time":"2021-06-13 03:11:16"}
{"data":{},"file":"following_handler.go:115","func":"FollowService/http/handler.followingHandler.GetAllUsersFollowings","level":"info","msg":"Handling GETTING ALL USERS FOLLOWINGS","time":"2021-06-13 03:13:56"}
{"data":{},"file":"following_usecase.go:67","func":"FollowService/usecase.followingUseCase.GetAllUsersFollowings","level":"info","msg":"getting all users following","time":"2021-06-13 03:13:56"}
{"data":{},"file":"following_handler.go:115","func":"FollowService/http/handler.followingHandler.GetAllUsersFollowings","level":"info","msg":"Handling GETTING ALL USERS FOLLOWINGS","time":"2021-06-13 03:13:56"}
{"data":{},"file":"following_usecase.go:67","func":"FollowService/usecase.followingUseCase.GetAllUsersFollowings","level":"info","msg":"getting all users following","time":"2021-06-13 03:13:56"}
{"data":{},"file":"following_handler.go:115","func":"FollowService/http/handler.followingHandler.GetAllUsersFollowings","level":"info","msg":"Handling GETTING ALL USERS FOLLOWINGS","time":"2021-06-13 03:14:00"}
{"data":{},"file":"following_usecase.go:67","func":"FollowService/usecase.followingUseCase.GetAllUsersFollowings","level":"info","msg":"getting all users following","time":"2021-06-13 03:14:00"}
{"data":{},"file":"following_handler.go:115","func":"FollowService/http/handler.followingHandler.GetAllUsersFollowings","level":"info","msg":"Handling GETTING ALL USERS FOLLOWINGS","time":"2021-06-13 03:14:00"}
{"data":{},"file":"following_usecase.go:67","func":"FollowService/usecase.followingUseCase.GetAllUsersFollowings","level":"info","msg":"getting all users following","time":"2021-06-13 03:14:00"}
{"data":{},"file":"following_handler.go:115","func":"FollowService/http/handler.followingHandler.GetAllUsersFollowings","level":"info","msg":"Handling GETTING ALL USERS FOLLOWINGS","time":"2021-06-13 03:14:14"}
{"data":{},"file":"following_usecase.go:67","func":"FollowService/usecase.followingUseCase.GetAllUsersFollowings","level":"info","msg":"getting all users following","time":"2021-06-13 03:14:14"}
{"data":{},"file":"following_handler.go:115","func":"FollowService/http/handler.followingHandler.GetAllUsersFollowings","level":"info","msg":"Handling GETTING ALL USERS FOLLOWINGS","time":"2021-06-13 03:14:14"}
{"data":{},"file":"following_usecase.go:67","func":"FollowService/usecase.followingUseCase.GetAllUsersFollowings","level":"info","msg":"getting all users following","time":"2021-06-13 03:14:14"}
{"data":{},"file":"following_handler.go:115","func":"FollowService/http/handler.followingHandler.GetAllUsersFollowings","level":"info","msg":"Handling GETTING ALL USERS FOLLOWINGS","time":"2021-06-13 03:14:47"}
{"data":{},"file":"following_usecase.go:67","func":"FollowService/usecase.followingUseCase.GetAllUsersFollowings","level":"info","msg":"getting all users following","time":"2021-06-13 03:14:47"}
{"data":{},"file":"following_handler.go:115","func":"FollowService/http/handler.followingHandler.GetAllUsersFollowings","level":"info","msg":"Handling GETTING ALL USERS FOLLOWINGS","time":"2021-06-13 03:14:47"}
{"data":{},"file":"following_usecase.go:67","func":"FollowService/usecase.followingUseCase.GetAllUsersFollowings","level":"info","msg":"getting all users following","time":"2021-06-13 03:14:47"}
{"data":{},"file":"following_handler.go:115","func":"FollowService/http/handler.followingHandler.GetAllUsersFollowings","level":"info","msg":"Handling GETTING ALL USERS FOLLOWINGS","time":"2021-06-13 03:14:54"}
{"data":{},"file":"following_usecase.go:67","func":"FollowService/usecase.followingUseCase.GetAllUsersFollowings","level":"info","msg":"getting all users following","time":"2021-06-13 03:14:54"}
{"data":{},"file":"following_handler.go:115","func":"FollowService/http/handler.followingHandler.GetAllUsersFollowings","level":"info","msg":"Handling GETTING ALL USERS FOLLOWINGS","time":"2021-06-13 03:14:54"}
{"data":{},"file":"following_usecase.go:67","func":"FollowService/usecase.followingUseCase.GetAllUsersFollowings","level":"info","msg":"getting all users following","time":"2021-06-13 03:14:54"}
{"data":{},"file":"following_handler.go:115","func":"FollowService/http/handler.followingHandler.GetAllUsersFollowings","level":"info","msg":"Handling GETTING ALL USERS FOLLOWINGS","time":"2021-06-13 03:15:34"}
{"data":{},"file":"following_usecase.go:67","func":"FollowService/usecase.followingUseCase.GetAllUsersFollowings","level":"info","msg":"getting all users following","time":"2021-06-13 03:15:34"}
{"data":{},"file":"following_handler.go:115","func":"FollowService/http/handler.followingHandler.GetAllUsersFollowings","level":"info","msg":"Handling GETTING ALL USERS FOLLOWINGS","time":"2021-06-13 03:15:34"}
{"data":{},"file":"following_usecase.go:67","func":"FollowService/usecase.followingUseCase.GetAllUsersFollowings","level":"info","msg":"getting all users following","time":"2021-06-13 03:15:34"}
{"data":{},"file":"following_handler.go:115","func":"FollowService/http/handler.followingHandler.GetAllUsersFollowings","level":"info","msg":"Handling GETTING ALL USERS FOLLOWINGS","time":"2021-06-13 03:15:38"}
{"data":{},"file":"following_usecase.go:67","func":"FollowService/usecase.followingUseCase.GetAllUsersFollowings","level":"info","msg":"getting all users following","time":"2021-06-13 03:15:38"}
{"data":{},"file":"following_handler.go:115","func":"FollowService/http/handler.followingHandler.GetAllUsersFollowings","level":"info","msg":"Handling GETTING ALL USERS FOLLOWINGS","time":"2021-06-13 03:15:38"}
{"data":{},"file":"following_usecase.go:67","func":"FollowService/usecase.followingUseCase.GetAllUsersFollowings","level":"info","msg":"getting all users following","time":"2021-06-13 03:15:38"}
{"data":{},"file":"following_usecase.go:35","func":"FollowService/usecase.followingUseCase.GetUserFollowingsForFrontend","level":"info","msg":"getting user followings for fronend","time":"2021-06-13 03:15:48"}
{"data":{},"file":"following_usecase.go:67","func":"FollowService/usecase.followingUseCase.GetAllUsersFollowings","level":"info","msg":"getting all users following","time":"2021-06-13 03:15:48"}
{"data":{},"file":"follower_handler.go:23","func":"FollowService/http/handler.followerHandler.GetAllUsersFollowersFron","level":"info","msg":"Handling GET ALL USERS FOLLOWERS FOR FRONT","time":"2021-06-13 03:15:48"}
{"data":{},"file":"follower_usecase.go:30","func":"FollowService/usecase.followerUseCase.GetFollowersForFront","level":"info","msg":"getting followers for front","time":"2021-06-13 03:15:48"}
{"data":{},"file":"follower_usecase.go:43","func":"FollowService/usecase.followerUseCase.GetAllUsersFollowers","level":"info","msg":"getting all users followers","time":"2021-06-13 03:15:48"}
{"data":{},"file":"follower_handler.go:23","func":"FollowService/http/handler.followerHandler.GetAllUsersFollowersFron","level":"info","msg":"Handling GET ALL USERS FOLLOWERS FOR FRONT","time":"2021-06-13 03:16:11"}
{"data":{},"file":"following_usecase.go:35","func":"FollowService/usecase.followingUseCase.GetUserFollowingsForFrontend","level":"info","msg":"getting user followings for fronend","time":"2021-06-13 03:16:11"}
{"data":{},"file":"following_usecase.go:67","func":"FollowService/usecase.followingUseCase.GetAllUsersFollowings","level":"info","msg":"getting all users following","time":"2021-06-13 03:16:11"}
{"data":{},"file":"follower_usecase.go:30","func":"FollowService/usecase.followerUseCase.GetFollowersForFront","level":"info","msg":"getting followers for front","time":"2021-06-13 03:16:11"}
{"data":{},"file":"follower_usecase.go:43","func":"FollowService/usecase.followerUseCase.GetAllUsersFollowers","level":"info","msg":"getting all users followers","time":"2021-06-13 03:16:11"}
{"data":{},"file":"following_usecase.go:35","func":"FollowService/usecase.followingUseCase.GetUserFollowingsForFrontend","level":"info","msg":"getting user followings for fronend","time":"2021-06-13 03:16:57"}
{"data":{},"file":"following_usecase.go:67","func":"FollowService/usecase.followingUseCase.GetAllUsersFollowings","level":"info","msg":"getting all users following","time":"2021-06-13 03:16:57"}
{"data":{},"file":"follower_handler.go:23","func":"FollowService/http/handler.followerHandler.GetAllUsersFollowersFron","level":"info","msg":"Handling GET ALL USERS FOLLOWERS FOR FRONT","time":"2021-06-13 03:16:57"}
{"data":{},"file":"follower_usecase.go:30","func":"FollowService/usecase.followerUseCase.GetFollowersForFront","level":"info","msg":"getting followers for front","time":"2021-06-13 03:16:57"}
{"data":{},"file":"follower_usecase.go:43","func":"FollowService/usecase.followerUseCase.GetAllUsersFollowers","level":"info","msg":"getting all users followers","time":"2021-06-13 03:16:57"}
{"data":{},"file":"following_handler.go:115","func":"FollowService/http/handler.followingHandler.GetAllUsersFollowings","level":"info","msg":"Handling GETTING ALL USERS FOLLOWINGS","time":"2021-06-13 03:18:57"}
{"data":{},"file":"following_usecase.go:67","func":"FollowService/usecase.followingUseCase.GetAllUsersFollowings","level":"info","msg":"getting all users following","time":"2021-06-13 03:18:57"}
{"data":{},"file":"following_handler.go:115","func":"FollowService/http/handler.followingHandler.GetAllUsersFollowings","level":"info","msg":"Handling GETTING ALL USERS FOLLOWINGS","time":"2021-06-13 03:18:57"}
{"data":{},"file":"following_usecase.go:67","func":"FollowService/usecase.followingUseCase.GetAllUsersFollowings","level":"info","msg":"getting all users following","time":"2021-06-13 03:18:57"}
{"data":{},"file":"follower_handler.go:23","func":"FollowService/http/handler.followerHandler.GetAllUsersFollowersFron","level":"info","msg":"Handling GET ALL USERS FOLLOWERS FOR FRONT","time":"2021-06-13 03:19:29"}
{"data":{},"file":"following_usecase.go:35","func":"FollowService/usecase.followingUseCase.GetUserFollowingsForFrontend","level":"info","msg":"getting user followings for fronend","time":"2021-06-13 03:19:29"}
{"data":{},"file":"follower_usecase.go:30","func":"FollowService/usecase.followerUseCase.GetFollowersForFront","level":"info","msg":"getting followers for front","time":"2021-06-13 03:19:29"}
{"data":{},"file":"follower_usecase.go:43","func":"FollowService/usecase.followerUseCase.GetAllUsersFollowers","level":"info","msg":"getting all users followers","time":"2021-06-13 03:19:29"}
{"data":{},"file":"following_usecase.go:67","func":"FollowService/usecase.followingUseCase.GetAllUsersFollowings","level":"info","msg":"getting all users following","time":"2021-06-13 03:19:29"}
{"data":{},"file":"following_handler.go:115","func":"FollowService/http/handler.followingHandler.GetAllUsersFollowings","level":"info","msg":"Handling GETTING ALL USERS FOLLOWINGS","time":"2021-06-13 03:20:54"}
{"data":{},"file":"following_usecase.go:67","func":"FollowService/usecase.followingUseCase.GetAllUsersFollowings","level":"info","msg":"getting all users following","time":"2021-06-13 03:20:54"}
{"data":{},"file":"following_handler.go:115","func":"FollowService/http/handler.followingHandler.GetAllUsersFollowings","level":"info","msg":"Handling GETTING ALL USERS FOLLOWINGS","time":"2021-06-13 03:20:54"}
{"data":{},"file":"following_usecase.go:67","func":"FollowService/usecase.followingUseCase.GetAllUsersFollowings","level":"info","msg":"getting all users following","time":"2021-06-13 03:20:54"}
{"data":{},"file":"follower_handler.go:23","func":"FollowService/http/handler.followerHandler.GetAllUsersFollowersFron","level":"info","msg":"Handling GET ALL USERS FOLLOWERS FOR FRONT","time":"2021-06-13 03:21:00"}
{"data":{},"file":"follower_usecase.go:30","func":"FollowService/usecase.followerUseCase.GetFollowersForFront","level":"info","msg":"getting followers for front","time":"2021-06-13 03:21:00"}
{"data":{},"file":"follower_usecase.go:43","func":"FollowService/usecase.followerUseCase.GetAllUsersFollowers","level":"info","msg":"getting all users followers","time":"2021-06-13 03:21:00"}
{"data":{},"file":"following_usecase.go:35","func":"FollowService/usecase.followingUseCase.GetUserFollowingsForFrontend","level":"info","msg":"getting user followings for fronend","time":"2021-06-13 03:21:00"}
{"data":{},"file":"following_usecase.go:67","func":"FollowService/usecase.followingUseCase.GetAllUsersFollowings","level":"info","msg":"getting all users following","time":"2021-06-13 03:21:00"}
{"data":{},"file":"following_handler.go:115","func":"FollowService/http/handler.followingHandler.GetAllUsersFollowings","level":"info","msg":"Handling GETTING ALL USERS FOLLOWINGS","time":"2021-06-13 03:22:17"}
{"data":{},"file":"following_usecase.go:67","func":"FollowService/usecase.followingUseCase.GetAllUsersFollowings","level":"info","msg":"getting all users following","time":"2021-06-13 03:22:17"}
{"data":{},"file":"following_handler.go:115","func":"FollowService/http/handler.followingHandler.GetAllUsersFollowings","level":"info","msg":"Handling GETTING ALL USERS FOLLOWINGS","time":"2021-06-13 03:22:17"}
{"data":{},"file":"following_usecase.go:67","func":"FollowService/usecase.followingUseCase.GetAllUsersFollowings","level":"info","msg":"getting all users following","time":"2021-06-13 03:22:17"}
{"data":{},"file":"following_handler.go:115","func":"FollowService/http/handler.followingHandler.GetAllUsersFollowings","level":"info","msg":"Handling GETTING ALL USERS FOLLOWINGS","time":"2021-06-13 03:22:33"}
{"data":{},"file":"following_usecase.go:67","func":"FollowService/usecase.followingUseCase.GetAllUsersFollowings","level":"info","msg":"getting all users following","time":"2021-06-13 03:22:33"}
{"data":{},"file":"following_handler.go:115","func":"FollowService/http/handler.followingHandler.GetAllUsersFollowings","level":"info","msg":"Handling GETTING ALL USERS FOLLOWINGS","time":"2021-06-13 03:22:33"}
{"data":{},"file":"following_usecase.go:67","func":"FollowService/usecase.followingUseCase.GetAllUsersFollowings","level":"info","msg":"getting all users following","time":"2021-06-13 03:22:33"}
{"data":{},"file":"following_handler.go:115","func":"FollowService/http/handler.followingHandler.GetAllUsersFollowings","level":"info","msg":"Handling GETTING ALL USERS FOLLOWINGS","time":"2021-06-13 03:24:33"}
{"data":{},"file":"following_handler.go:115","func":"FollowService/http/handler.followingHandler.GetAllUsersFollowings","level":"info","msg":"Handling GETTING ALL USERS FOLLOWINGS","time":"2021-06-13 03:24:33"}
{"data":{},"file":"following_usecase.go:67","func":"FollowService/usecase.followingUseCase.GetAllUsersFollowings","level":"info","msg":"getting all users following","time":"2021-06-13 03:24:33"}
{"data":{},"file":"following_usecase.go:67","func":"FollowService/usecase.followingUseCase.GetAllUsersFollowings","level":"info","msg":"getting all users following","time":"2021-06-13 03:24:33"}
{"data":{},"file":"following_handler.go:115","func":"FollowService/http/handler.followingHandler.GetAllUsersFollowings","level":"info","msg":"Handling GETTING ALL USERS FOLLOWINGS","time":"2021-06-13 03:24:38"}
{"data":{},"file":"following_usecase.go:67","func":"FollowService/usecase.followingUseCase.GetAllUsersFollowings","level":"info","msg":"getting all users following","time":"2021-06-13 03:24:38"}
{"data":{},"file":"following_handler.go:115","func":"FollowService/http/handler.followingHandler.GetAllUsersFollowings","level":"info","msg":"Handling GETTING ALL USERS FOLLOWINGS","time":"2021-06-13 03:24:38"}
{"data":{},"file":"following_usecase.go:67","func":"FollowService/usecase.followingUseCase.GetAllUsersFollowings","level":"info","msg":"getting all users following","time":"2021-06-13 03:24:38"}
{"data":{},"file":"following_usecase.go:35","func":"FollowService/usecase.followingUseCase.GetUserFollowingsForFrontend","level":"info","msg":"getting user followings for fronend","time":"2021-06-13 03:24:40"}
{"data":{},"file":"following_usecase.go:67","func":"FollowService/usecase.followingUseCase.GetAllUsersFollowings","level":"info","msg":"getting all users following","time":"2021-06-13 03:24:40"}
{"data":{},"file":"follower_handler.go:23","func":"FollowService/http/handler.followerHandler.GetAllUsersFollowersFron","level":"info","msg":"Handling GET ALL USERS FOLLOWERS FOR FRONT","time":"2021-06-13 03:24:40"}
{"data":{},"file":"follower_usecase.go:30","func":"FollowService/usecase.followerUseCase.GetFollowersForFront","level":"info","msg":"getting followers for front","time":"2021-06-13 03:24:40"}
{"data":{},"file":"follower_usecase.go:43","func":"FollowService/usecase.followerUseCase.GetAllUsersFollowers","level":"info","msg":"getting all users followers","time":"2021-06-13 03:24:40"}
{"data":{},"file":"following_handler.go:115","func":"FollowService/http/handler.followingHandler.GetAllUsersFollowings","level":"info","msg":"Handling GETTING ALL USERS FOLLOWINGS","time":"2021-06-13 03:25:07"}
{"data":{},"file":"following_usecase.go:67","func":"FollowService/usecase.followingUseCase.GetAllUsersFollowings","level":"info","msg":"getting all users following","time":"2021-06-13 03:25:07"}
{"data":{},"file":"following_handler.go:115","func":"FollowService/http/handler.followingHandler.GetAllUsersFollowings","level":"info","msg":"Handling GETTING ALL USERS FOLLOWINGS","time":"2021-06-13 03:25:07"}
{"data":{},"file":"following_usecase.go:67","func":"FollowService/usecase.followingUseCase.GetAllUsersFollowings","level":"info","msg":"getting all users following","time":"2021-06-13 03:25:07"}
{"data":{},"file":"following_handler.go:115","func":"FollowService/http/handler.followingHandler.GetAllUsersFollowings","level":"info","msg":"Handling GETTING ALL USERS FOLLOWINGS","time":"2021-06-13 03:25:19"}
{"data":{},"file":"following_usecase.go:67","func":"FollowService/usecase.followingUseCase.GetAllUsersFollowings","level":"info","msg":"getting all users following","time":"2021-06-13 03:25:19"}
{"data":{},"file":"following_handler.go:115","func":"FollowService/http/handler.followingHandler.GetAllUsersFollowings","level":"info","msg":"Handling GETTING ALL USERS FOLLOWINGS","time":"2021-06-13 03:25:19"}
{"data":{},"file":"following_usecase.go:67","func":"FollowService/usecase.followingUseCase.GetAllUsersFollowings","level":"info","msg":"getting all users following","time":"2021-06-13 03:25:19"}
{"data":{},"file":"follower_handler.go:23","func":"FollowService/http/handler.followerHandler.GetAllUsersFollowersFron","level":"info","msg":"Handling GET ALL USERS FOLLOWERS FOR FRONT","time":"2021-06-13 03:25:22"}
{"data":{},"file":"follower_usecase.go:30","func":"FollowService/usecase.followerUseCase.GetFollowersForFront","level":"info","msg":"getting followers for front","time":"2021-06-13 03:25:22"}
{"data":{},"file":"follower_usecase.go:43","func":"FollowService/usecase.followerUseCase.GetAllUsersFollowers","level":"info","msg":"getting all users followers","time":"2021-06-13 03:25:22"}
{"data":{},"file":"following_usecase.go:35","func":"FollowService/usecase.followingUseCase.GetUserFollowingsForFrontend","level":"info","msg":"getting user followings for fronend","time":"2021-06-13 03:25:22"}
{"data":{},"file":"following_usecase.go:67","func":"FollowService/usecase.followingUseCase.GetAllUsersFollowings","level":"info","msg":"getting all users following","time":"2021-06-13 03:25:22"}
{"data":{},"file":"following_handler.go:115","func":"FollowService/http/handler.followingHandler.GetAllUsersFollowings","level":"info","msg":"Handling GETTING ALL USERS FOLLOWINGS","time":"2021-06-13 03:25:36"}
{"data":{},"file":"following_usecase.go:67","func":"FollowService/usecase.followingUseCase.GetAllUsersFollowings","level":"info","msg":"getting all users following","time":"2021-06-13 03:25:36"}
{"data":{},"file":"following_handler.go:115","func":"FollowService/http/handler.followingHandler.GetAllUsersFollowings","level":"info","msg":"Handling GETTING ALL USERS FOLLOWINGS","time":"2021-06-13 03:25:36"}
{"data":{},"file":"following_usecase.go:67","func":"FollowService/usecase.followingUseCase.GetAllUsersFollowings","level":"info","msg":"getting all users following","time":"2021-06-13 03:25:36"}
{"data":{},"file":"following_handler.go:115","func":"FollowService/http/handler.followingHandler.GetAllUsersFollowings","level":"info","msg":"Handling GETTING ALL USERS FOLLOWINGS","time":"2021-06-13 03:25:41"}
{"data":{},"file":"following_usecase.go:67","func":"FollowService/usecase.followingUseCase.GetAllUsersFollowings","level":"info","msg":"getting all users following","time":"2021-06-13 03:25:41"}
{"data":{},"file":"following_handler.go:115","func":"FollowService/http/handler.followingHandler.GetAllUsersFollowings","level":"info","msg":"Handling GETTING ALL USERS FOLLOWINGS","time":"2021-06-13 03:25:41"}
{"data":{},"file":"following_usecase.go:67","func":"FollowService/usecase.followingUseCase.GetAllUsersFollowings","level":"info","msg":"getting all users following","time":"2021-06-13 03:25:41"}
{"data":{},"file":"follower_handler.go:23","func":"FollowService/http/handler.followerHandler.GetAllUsersFollowersFron","level":"info","msg":"Handling GET ALL USERS FOLLOWERS FOR FRONT","time":"2021-06-13 03:25:43"}
{"data":{},"file":"follower_usecase.go:30","func":"FollowService/usecase.followerUseCase.GetFollowersForFront","level":"info","msg":"getting followers for front","time":"2021-06-13 03:25:43"}
{"data":{},"file":"follower_usecase.go:43","func":"FollowService/usecase.followerUseCase.GetAllUsersFollowers","level":"info","msg":"getting all users followers","time":"2021-06-13 03:25:43"}
{"data":{},"file":"following_usecase.go:35","func":"FollowService/usecase.followingUseCase.GetUserFollowingsForFrontend","level":"info","msg":"getting user followings for fronend","time":"2021-06-13 03:25:43"}
{"data":{},"file":"following_usecase.go:67","func":"FollowService/usecase.followingUseCase.GetAllUsersFollowings","level":"info","msg":"getting all users following","time":"2021-06-13 03:25:43"}
{"data":{},"file":"following_handler.go:115","func":"FollowService/http/handler.followingHandler.GetAllUsersFollowings","level":"info","msg":"Handling GETTING ALL USERS FOLLOWINGS","time":"2021-06-13 03:26:54"}
{"data":{},"file":"following_usecase.go:67","func":"FollowService/usecase.followingUseCase.GetAllUsersFollowings","level":"info","msg":"getting all users following","time":"2021-06-13 03:26:54"}
{"data":{},"file":"following_handler.go:115","func":"FollowService/http/handler.followingHandler.GetAllUsersFollowings","level":"info","msg":"Handling GETTING ALL USERS FOLLOWINGS","time":"2021-06-13 03:26:54"}
{"data":{},"file":"following_usecase.go:67","func":"FollowService/usecase.followingUseCase.GetAllUsersFollowings","level":"info","msg":"getting all users following","time":"2021-06-13 03:26:54"}
{"data":{},"file":"follower_handler.go:23","func":"FollowService/http/handler.followerHandler.GetAllUsersFollowersFron","level":"info","msg":"Handling GET ALL USERS FOLLOWERS FOR FRONT","time":"2021-06-13 03:27:00"}
{"data":{},"file":"follower_usecase.go:30","func":"FollowService/usecase.followerUseCase.GetFollowersForFront","level":"info","msg":"getting followers for front","time":"2021-06-13 03:27:00"}
{"data":{},"file":"follower_usecase.go:43","func":"FollowService/usecase.followerUseCase.GetAllUsersFollowers","level":"info","msg":"getting all users followers","time":"2021-06-13 03:27:00"}
{"data":{},"file":"following_usecase.go:35","func":"FollowService/usecase.followingUseCase.GetUserFollowingsForFrontend","level":"info","msg":"getting user followings for fronend","time":"2021-06-13 03:27:00"}
{"data":{},"file":"following_usecase.go:67","func":"FollowService/usecase.followingUseCase.GetAllUsersFollowings","level":"info","msg":"getting all users following","time":"2021-06-13 03:27:00"}
{"data":{},"file":"following_handler.go:115","func":"FollowService/http/handler.followingHandler.GetAllUsersFollowings","level":"info","msg":"Handling GETTING ALL USERS FOLLOWINGS","time":"2021-06-13 03:34:24"}
{"data":{},"file":"following_handler.go:115","func":"FollowService/http/handler.followingHandler.GetAllUsersFollowings","level":"info","msg":"Handling GETTING ALL USERS FOLLOWINGS","time":"2021-06-13 03:34:24"}
{"data":{},"file":"following_usecase.go:67","func":"FollowService/usecase.followingUseCase.GetAllUsersFollowings","level":"info","msg":"getting all users following","time":"2021-06-13 03:34:24"}
{"data":{},"file":"following_usecase.go:67","func":"FollowService/usecase.followingUseCase.GetAllUsersFollowings","level":"info","msg":"getting all users following","time":"2021-06-13 03:34:24"}
{"data":{},"file":"following_handler.go:115","func":"FollowService/http/handler.followingHandler.GetAllUsersFollowings","level":"info","msg":"Handling GETTING ALL USERS FOLLOWINGS","time":"2021-06-13 03:35:01"}
{"data":{},"file":"following_usecase.go:67","func":"FollowService/usecase.followingUseCase.GetAllUsersFollowings","level":"info","msg":"getting all users following","time":"2021-06-13 03:35:01"}
{"data":{},"file":"following_handler.go:115","func":"FollowService/http/handler.followingHandler.GetAllUsersFollowings","level":"info","msg":"Handling GETTING ALL USERS FOLLOWINGS","time":"2021-06-13 03:35:01"}
{"data":{},"file":"following_usecase.go:67","func":"FollowService/usecase.followingUseCase.GetAllUsersFollowings","level":"info","msg":"getting all users following","time":"2021-06-13 03:35:01"}
{"data":{},"file":"follower_handler.go:23","func":"FollowService/http/handler.followerHandler.GetAllUsersFollowersFron","level":"info","msg":"Handling GET ALL USERS FOLLOWERS FOR FRONT","time":"2021-06-13 03:35:03"}
{"data":{},"file":"following_usecase.go:35","func":"FollowService/usecase.followingUseCase.GetUserFollowingsForFrontend","level":"info","msg":"getting user followings for fronend","time":"2021-06-13 03:35:03"}
{"data":{},"file":"following_usecase.go:67","func":"FollowService/usecase.followingUseCase.GetAllUsersFollowings","level":"info","msg":"getting all users following","time":"2021-06-13 03:35:03"}
{"data":{},"file":"follower_usecase.go:30","func":"FollowService/usecase.followerUseCase.GetFollowersForFront","level":"info","msg":"getting followers for front","time":"2021-06-13 03:35:03"}
{"data":{},"file":"follower_usecase.go:43","func":"FollowService/usecase.followerUseCase.GetAllUsersFollowers","level":"info","msg":"getting all users followers","time":"2021-06-13 03:35:03"}
{"data":{},"file":"following_handler.go:115","func":"FollowService/http/handler.followingHandler.GetAllUsersFollowings","level":"info","msg":"Handling GETTING ALL USERS FOLLOWINGS","time":"2021-06-13 03:36:34"}
{"data":{},"file":"following_usecase.go:67","func":"FollowService/usecase.followingUseCase.GetAllUsersFollowings","level":"info","msg":"getting all users following","time":"2021-06-13 03:36:34"}
{"data":{},"file":"following_handler.go:115","func":"FollowService/http/handler.followingHandler.GetAllUsersFollowings","level":"info","msg":"Handling GETTING ALL USERS FOLLOWINGS","time":"2021-06-13 03:36:34"}
{"data":{},"file":"following_usecase.go:67","func":"FollowService/usecase.followingUseCase.GetAllUsersFollowings","level":"info","msg":"getting all users following","time":"2021-06-13 03:36:34"}
{"data":{},"file":"following_handler.go:115","func":"FollowService/http/handler.followingHandler.GetAllUsersFollowings","level":"info","msg":"Handling GETTING ALL USERS FOLLOWINGS","time":"2021-06-13 03:36:39"}
{"data":{},"file":"following_usecase.go:67","func":"FollowService/usecase.followingUseCase.GetAllUsersFollowings","level":"info","msg":"getting all users following","time":"2021-06-13 03:36:39"}
{"data":{},"file":"following_handler.go:115","func":"FollowService/http/handler.followingHandler.GetAllUsersFollowings","level":"info","msg":"Handling GETTING ALL USERS FOLLOWINGS","time":"2021-06-13 03:36:39"}
{"data":{},"file":"following_usecase.go:67","func":"FollowService/usecase.followingUseCase.GetAllUsersFollowings","level":"info","msg":"getting all users following","time":"2021-06-13 03:36:39"}
{"data":{},"file":"following_handler.go:115","func":"FollowService/http/handler.followingHandler.GetAllUsersFollowings","level":"info","msg":"Handling GETTING ALL USERS FOLLOWINGS","time":"2021-06-13 03:36:52"}
{"data":{},"file":"following_usecase.go:67","func":"FollowService/usecase.followingUseCase.GetAllUsersFollowings","level":"info","msg":"getting all users following","time":"2021-06-13 03:36:52"}
{"data":{},"file":"following_handler.go:115","func":"FollowService/http/handler.followingHandler.GetAllUsersFollowings","level":"info","msg":"Handling GETTING ALL USERS FOLLOWINGS","time":"2021-06-13 03:36:52"}
{"data":{},"file":"following_usecase.go:67","func":"FollowService/usecase.followingUseCase.GetAllUsersFollowings","level":"info","msg":"getting all users following","time":"2021-06-13 03:36:52"}
{"data":{},"file":"follower_handler.go:23","func":"FollowService/http/handler.followerHandler.GetAllUsersFollowersFron","level":"info","msg":"Handling GET ALL USERS FOLLOWERS FOR FRONT","time":"2021-06-13 03:37:17"}
{"data":{},"file":"follower_usecase.go:30","func":"FollowService/usecase.followerUseCase.GetFollowersForFront","level":"info","msg":"getting followers for front","time":"2021-06-13 03:37:17"}
{"data":{},"file":"follower_usecase.go:43","func":"FollowService/usecase.followerUseCase.GetAllUsersFollowers","level":"info","msg":"getting all users followers","time":"2021-06-13 03:37:17"}
{"data":{},"file":"following_usecase.go:35","func":"FollowService/usecase.followingUseCase.GetUserFollowingsForFrontend","level":"info","msg":"getting user followings for fronend","time":"2021-06-13 03:37:17"}
{"data":{},"file":"following_usecase.go:67","func":"FollowService/usecase.followingUseCase.GetAllUsersFollowings","level":"info","msg":"getting all users following","time":"2021-06-13 03:37:17"}
{"data":{},"file":"follower_handler.go:23","func":"FollowService/http/handler.followerHandler.GetAllUsersFollowersFron","level":"info","msg":"Handling GET ALL USERS FOLLOWERS FOR FRONT","time":"2021-06-13 03:38:58"}
{"data":{},"file":"follower_usecase.go:30","func":"FollowService/usecase.followerUseCase.GetFollowersForFront","level":"info","msg":"getting followers for front","time":"2021-06-13 03:38:58"}
{"data":{},"file":"follower_usecase.go:43","func":"FollowService/usecase.followerUseCase.GetAllUsersFollowers","level":"info","msg":"getting all users followers","time":"2021-06-13 03:38:58"}
{"data":{},"file":"following_usecase.go:35","func":"FollowService/usecase.followingUseCase.GetUserFollowingsForFrontend","level":"info","msg":"getting user followings for fronend","time":"2021-06-13 03:38:58"}
{"data":{},"file":"following_usecase.go:67","func":"FollowService/usecase.followingUseCase.GetAllUsersFollowings","level":"info","msg":"getting all users following","time":"2021-06-13 03:38:58"}
{"data":{},"file":"follower_handler.go:23","func":"FollowService/http/handler.followerHandler.GetAllUsersFollowersFron","level":"info","msg":"Handling GET ALL USERS FOLLOWERS FOR FRONT","time":"2021-06-13 03:41:12"}
{"data":{},"file":"follower_usecase.go:30","func":"FollowService/usecase.followerUseCase.GetFollowersForFront","level":"info","msg":"getting followers for front","time":"2021-06-13 03:41:12"}
{"data":{},"file":"follower_usecase.go:43","func":"FollowService/usecase.followerUseCase.GetAllUsersFollowers","level":"info","msg":"getting all users followers","time":"2021-06-13 03:41:12"}
{"data":{},"file":"following_usecase.go:35","func":"FollowService/usecase.followingUseCase.GetUserFollowingsForFrontend","level":"info","msg":"getting user followings for fronend","time":"2021-06-13 03:41:12"}
{"data":{},"file":"following_usecase.go:67","func":"FollowService/usecase.followingUseCase.GetAllUsersFollowings","level":"info","msg":"getting all users following","time":"2021-06-13 03:41:12"}
{"data":{},"file":"following_handler.go:115","func":"FollowService/http/handler.followingHandler.GetAllUsersFollowings","level":"info","msg":"Handling GETTING ALL USERS FOLLOWINGS","time":"2021-06-13 03:42:59"}
{"data":{},"file":"following_usecase.go:67","func":"FollowService/usecase.followingUseCase.GetAllUsersFollowings","level":"info","msg":"getting all users following","time":"2021-06-13 03:42:59"}
{"data":{},"file":"following_handler.go:115","func":"FollowService/http/handler.followingHandler.GetAllUsersFollowings","level":"info","msg":"Handling GETTING ALL USERS FOLLOWINGS","time":"2021-06-13 03:42:59"}
{"data":{},"file":"following_usecase.go:67","func":"FollowService/usecase.followingUseCase.GetAllUsersFollowings","level":"info","msg":"getting all users following","time":"2021-06-13 03:42:59"}
{"data":{},"file":"following_usecase.go:35","func":"FollowService/usecase.followingUseCase.GetUserFollowingsForFrontend","level":"info","msg":"getting user followings for fronend","time":"2021-06-13 03:43:02"}
{"data":{},"file":"following_usecase.go:67","func":"FollowService/usecase.followingUseCase.GetAllUsersFollowings","level":"info","msg":"getting all users following","time":"2021-06-13 03:43:02"}
{"data":{},"file":"follower_handler.go:23","func":"FollowService/http/handler.followerHandler.GetAllUsersFollowersFron","level":"info","msg":"Handling GET ALL USERS FOLLOWERS FOR FRONT","time":"2021-06-13 03:43:02"}
{"data":{},"file":"follower_usecase.go:30","func":"FollowService/usecase.followerUseCase.GetFollowersForFront","level":"info","msg":"getting followers for front","time":"2021-06-13 03:43:02"}
{"data":{},"file":"follower_usecase.go:43","func":"FollowService/usecase.followerUseCase.GetAllUsersFollowers","level":"info","msg":"getting all users followers","time":"2021-06-13 03:43:02"}
{"data":{},"file":"following_handler.go:115","func":"FollowService/http/handler.followingHandler.GetAllUsersFollowings","level":"info","msg":"Handling GETTING ALL USERS FOLLOWINGS","time":"2021-06-13 03:44:16"}
{"data":{},"file":"following_usecase.go:67","func":"FollowService/usecase.followingUseCase.GetAllUsersFollowings","level":"info","msg":"getting all users following","time":"2021-06-13 03:44:16"}
{"data":{},"file":"following_handler.go:115","func":"FollowService/http/handler.followingHandler.GetAllUsersFollowings","level":"info","msg":"Handling GETTING ALL USERS FOLLOWINGS","time":"2021-06-13 03:44:16"}
{"data":{},"file":"following_usecase.go:67","func":"FollowService/usecase.followingUseCase.GetAllUsersFollowings","level":"info","msg":"getting all users following","time":"2021-06-13 03:44:16"}
{"data":{},"file":"follower_handler.go:23","func":"FollowService/http/handler.followerHandler.GetAllUsersFollowersFron","level":"info","msg":"Handling GET ALL USERS FOLLOWERS FOR FRONT","time":"2021-06-13 03:46:42"}
{"data":{},"file":"follower_usecase.go:30","func":"FollowService/usecase.followerUseCase.GetFollowersForFront","level":"info","msg":"getting followers for front","time":"2021-06-13 03:46:42"}
{"data":{},"file":"follower_usecase.go:43","func":"FollowService/usecase.followerUseCase.GetAllUsersFollowers","level":"info","msg":"getting all users followers","time":"2021-06-13 03:46:42"}
{"data":{},"file":"following_usecase.go:35","func":"FollowService/usecase.followingUseCase.GetUserFollowingsForFrontend","level":"info","msg":"getting user followings for fronend","time":"2021-06-13 03:46:42"}
{"data":{},"file":"following_usecase.go:67","func":"FollowService/usecase.followingUseCase.GetAllUsersFollowings","level":"info","msg":"getting all users following","time":"2021-06-13 03:46:42"}
{"data":{},"file":"following_handler.go:115","func":"FollowService/http/handler.followingHandler.GetAllUsersFollowings","level":"info","msg":"Handling GETTING ALL USERS FOLLOWINGS","time":"2021-06-13 03:48:18"}
{"data":{},"file":"following_usecase.go:67","func":"FollowService/usecase.followingUseCase.GetAllUsersFollowings","level":"info","msg":"getting all users following","time":"2021-06-13 03:48:18"}
{"data":{},"file":"following_handler.go:115","func":"FollowService/http/handler.followingHandler.GetAllUsersFollowings","level":"info","msg":"Handling GETTING ALL USERS FOLLOWINGS","time":"2021-06-13 03:48:18"}
{"data":{},"file":"following_usecase.go:67","func":"FollowService/usecase.followingUseCase.GetAllUsersFollowings","level":"info","msg":"getting all users following","time":"2021-06-13 03:48:18"}
{"data":{},"file":"follower_handler.go:23","func":"FollowService/http/handler.followerHandler.GetAllUsersFollowersFron","level":"info","msg":"Handling GET ALL USERS FOLLOWERS FOR FRONT","time":"2021-06-13 04:29:25"}
{"data":{},"file":"follower_usecase.go:30","func":"FollowService/usecase.followerUseCase.GetFollowersForFront","level":"info","msg":"getting followers for front","time":"2021-06-13 04:29:25"}
{"data":{},"file":"follower_usecase.go:43","func":"FollowService/usecase.followerUseCase.GetAllUsersFollowers","level":"info","msg":"getting all users followers","time":"2021-06-13 04:29:25"}
{"data":{},"file":"following_usecase.go:35","func":"FollowService/usecase.followingUseCase.GetUserFollowingsForFrontend","level":"info","msg":"getting user followings for fronend","time":"2021-06-13 04:29:25"}
{"data":{},"file":"following_usecase.go:67","func":"FollowService/usecase.followingUseCase.GetAllUsersFollowings","level":"info","msg":"getting all users following","time":"2021-06-13 04:29:25"}
{"data":{},"file":"following_handler.go:115","func":"FollowService/http/handler.followingHandler.GetAllUsersFollowings","level":"info","msg":"Handling GETTING ALL USERS FOLLOWINGS","time":"2021-06-13 04:29:31"}
{"data":{},"file":"following_usecase.go:67","func":"FollowService/usecase.followingUseCase.GetAllUsersFollowings","level":"info","msg":"getting all users following","time":"2021-06-13 04:29:31"}
{"data":{},"file":"following_handler.go:115","func":"FollowService/http/handler.followingHandler.GetAllUsersFollowings","level":"info","msg":"Handling GETTING ALL USERS FOLLOWINGS","time":"2021-06-13 04:29:31"}
{"data":{},"file":"following_usecase.go:67","func":"FollowService/usecase.followingUseCase.GetAllUsersFollowings","level":"info","msg":"getting all users following","time":"2021-06-13 04:29:31"}
{"data":{},"file":"following_handler.go:115","func":"FollowService/http/handler.followingHandler.GetAllUsersFollowings","level":"info","msg":"Handling GETTING ALL USERS FOLLOWINGS","time":"2021-06-13 04:29:35"}
{"data":{},"file":"following_usecase.go:67","func":"FollowService/usecase.followingUseCase.GetAllUsersFollowings","level":"info","msg":"getting all users following","time":"2021-06-13 04:29:35"}
{"data":{},"file":"following_handler.go:115","func":"FollowService/http/handler.followingHandler.GetAllUsersFollowings","level":"info","msg":"Handling GETTING ALL USERS FOLLOWINGS","time":"2021-06-13 04:29:35"}
{"data":{},"file":"following_usecase.go:67","func":"FollowService/usecase.followingUseCase.GetAllUsersFollowings","level":"info","msg":"getting all users following","time":"2021-06-13 04:29:35"}
{"data":{},"file":"following_handler.go:115","func":"FollowService/http/handler.followingHandler.GetAllUsersFollowings","level":"info","msg":"Handling GETTING ALL USERS FOLLOWINGS","time":"2021-06-13 04:52:01"}
{"data":{},"file":"following_usecase.go:67","func":"FollowService/usecase.followingUseCase.GetAllUsersFollowings","level":"info","msg":"getting all users following","time":"2021-06-13 04:52:01"}
{"data":{},"file":"following_handler.go:115","func":"FollowService/http/handler.followingHandler.GetAllUsersFollowings","level":"info","msg":"Handling GETTING ALL USERS FOLLOWINGS","time":"2021-06-13 04:52:01"}
{"data":{},"file":"following_usecase.go:67","func":"FollowService/usecase.followingUseCase.GetAllUsersFollowings","level":"info","msg":"getting all users following","time":"2021-06-13 04:52:01"}
{"data":{},"file":"following_handler.go:115","func":"FollowService/http/handler.followingHandler.GetAllUsersFollowings","level":"info","msg":"Handling GETTING ALL USERS FOLLOWINGS","time":"2021-06-13 09:32:47"}
{"data":{},"file":"following_handler.go:115","func":"FollowService/http/handler.followingHandler.GetAllUsersFollowings","level":"info","msg":"Handling GETTING ALL USERS FOLLOWINGS","time":"2021-06-13 09:32:47"}
{"data":{},"file":"following_usecase.go:67","func":"FollowService/usecase.followingUseCase.GetAllUsersFollowings","level":"info","msg":"getting all users following","time":"2021-06-13 09:32:47"}
{"data":{},"file":"following_usecase.go:67","func":"FollowService/usecase.followingUseCase.GetAllUsersFollowings","level":"info","msg":"getting all users following","time":"2021-06-13 09:32:47"}
{"data":{},"file":"following_handler.go:115","func":"FollowService/http/handler.followingHandler.GetAllUsersFollowings","level":"info","msg":"Handling GETTING ALL USERS FOLLOWINGS","time":"2021-06-13 09:32:56"}
{"data":{},"file":"following_usecase.go:67","func":"FollowService/usecase.followingUseCase.GetAllUsersFollowings","level":"info","msg":"getting all users following","time":"2021-06-13 09:32:56"}
{"data":{},"file":"following_handler.go:115","func":"FollowService/http/handler.followingHandler.GetAllUsersFollowings","level":"info","msg":"Handling GETTING ALL USERS FOLLOWINGS","time":"2021-06-13 09:32:56"}
{"data":{},"file":"following_usecase.go:67","func":"FollowService/usecase.followingUseCase.GetAllUsersFollowings","level":"info","msg":"getting all users following","time":"2021-06-13 09:32:56"}
{"data":{},"file":"following_handler.go:115","func":"FollowService/http/handler.followingHandler.GetAllUsersFollowings","level":"info","msg":"Handling GETTING ALL USERS FOLLOWINGS","time":"2021-06-13 09:33:17"}
{"data":{},"file":"following_usecase.go:67","func":"FollowService/usecase.followingUseCase.GetAllUsersFollowings","level":"info","msg":"getting all users following","time":"2021-06-13 09:33:17"}
{"data":{},"file":"following_handler.go:115","func":"FollowService/http/handler.followingHandler.GetAllUsersFollowings","level":"info","msg":"Handling GETTING ALL USERS FOLLOWINGS","time":"2021-06-13 09:33:17"}
{"data":{},"file":"following_usecase.go:67","func":"FollowService/usecase.followingUseCase.GetAllUsersFollowings","level":"info","msg":"getting all users following","time":"2021-06-13 09:33:17"}
{"data":{},"file":"follower_handler.go:23","func":"FollowService/http/handler.followerHandler.GetAllUsersFollowersFron","level":"info","msg":"Handling GET ALL USERS FOLLOWERS FOR FRONT","time":"2021-06-13 09:33:20"}
{"data":{},"file":"follower_usecase.go:30","func":"FollowService/usecase.followerUseCase.GetFollowersForFront","level":"info","msg":"getting followers for front","time":"2021-06-13 09:33:20"}
{"data":{},"file":"follower_usecase.go:43","func":"FollowService/usecase.followerUseCase.GetAllUsersFollowers","level":"info","msg":"getting all users followers","time":"2021-06-13 09:33:20"}
{"data":{},"file":"following_usecase.go:35","func":"FollowService/usecase.followingUseCase.GetUserFollowingsForFrontend","level":"info","msg":"getting user followings for fronend","time":"2021-06-13 09:33:20"}
{"data":{},"file":"following_usecase.go:67","func":"FollowService/usecase.followingUseCase.GetAllUsersFollowings","level":"info","msg":"getting all users following","time":"2021-06-13 09:33:20"}
{"data":{},"file":"following_handler.go:115","func":"FollowService/http/handler.followingHandler.GetAllUsersFollowings","level":"info","msg":"Handling GETTING ALL USERS FOLLOWINGS","time":"2021-06-13 09:33:33"}
{"data":{},"file":"following_usecase.go:67","func":"FollowService/usecase.followingUseCase.GetAllUsersFollowings","level":"info","msg":"getting all users following","time":"2021-06-13 09:33:33"}
{"data":{},"file":"following_handler.go:115","func":"FollowService/http/handler.followingHandler.GetAllUsersFollowings","level":"info","msg":"Handling GETTING ALL USERS FOLLOWINGS","time":"2021-06-13 09:33:33"}
{"data":{},"file":"following_usecase.go:67","func":"FollowService/usecase.followingUseCase.GetAllUsersFollowings","level":"info","msg":"getting all users following","time":"2021-06-13 09:33:33"}
{"data":{},"file":"following_handler.go:115","func":"FollowService/http/handler.followingHandler.GetAllUsersFollowings","level":"info","msg":"Handling GETTING ALL USERS FOLLOWINGS","time":"2021-06-13 09:33:38"}
{"data":{},"file":"following_usecase.go:67","func":"FollowService/usecase.followingUseCase.GetAllUsersFollowings","level":"info","msg":"getting all users following","time":"2021-06-13 09:33:38"}
{"data":{},"file":"following_handler.go:115","func":"FollowService/http/handler.followingHandler.GetAllUsersFollowings","level":"info","msg":"Handling GETTING ALL USERS FOLLOWINGS","time":"2021-06-13 09:33:38"}
{"data":{},"file":"following_usecase.go:67","func":"FollowService/usecase.followingUseCase.GetAllUsersFollowings","level":"info","msg":"getting all users following","time":"2021-06-13 09:33:38"}
{"data":{},"file":"following_handler.go:115","func":"FollowService/http/handler.followingHandler.GetAllUsersFollowings","level":"info","msg":"Handling GETTING ALL USERS FOLLOWINGS","time":"2021-06-13 09:47:08"}
{"data":{},"file":"following_usecase.go:67","func":"FollowService/usecase.followingUseCase.GetAllUsersFollowings","level":"info","msg":"getting all users following","time":"2021-06-13 09:47:08"}
{"data":{},"file":"following_handler.go:115","func":"FollowService/http/handler.followingHandler.GetAllUsersFollowings","level":"info","msg":"Handling GETTING ALL USERS FOLLOWINGS","time":"2021-06-13 09:47:08"}
{"data":{},"file":"following_usecase.go:67","func":"FollowService/usecase.followingUseCase.GetAllUsersFollowings","level":"info","msg":"getting all users following","time":"2021-06-13 09:47:08"}
{"data":{},"file":"follower_handler.go:23","func":"FollowService/http/handler.followerHandler.GetAllUsersFollowersFron","level":"info","msg":"Handling GET ALL USERS FOLLOWERS FOR FRONT","time":"2021-06-13 09:47:11"}
{"data":{},"file":"follower_usecase.go:30","func":"FollowService/usecase.followerUseCase.GetFollowersForFront","level":"info","msg":"getting followers for front","time":"2021-06-13 09:47:11"}
{"data":{},"file":"follower_usecase.go:43","func":"FollowService/usecase.followerUseCase.GetAllUsersFollowers","level":"info","msg":"getting all users followers","time":"2021-06-13 09:47:11"}
{"data":{},"file":"following_usecase.go:35","func":"FollowService/usecase.followingUseCase.GetUserFollowingsForFrontend","level":"info","msg":"getting user followings for fronend","time":"2021-06-13 09:47:11"}
{"data":{},"file":"following_usecase.go:67","func":"FollowService/usecase.followingUseCase.GetAllUsersFollowings","level":"info","msg":"getting all users following","time":"2021-06-13 09:47:11"}
{"data":{},"file":"following_handler.go:115","func":"FollowService/http/handler.followingHandler.GetAllUsersFollowings","level":"info","msg":"Handling GETTING ALL USERS FOLLOWINGS","time":"2021-06-13 09:47:57"}
{"data":{},"file":"following_usecase.go:67","func":"FollowService/usecase.followingUseCase.GetAllUsersFollowings","level":"info","msg":"getting all users following","time":"2021-06-13 09:47:57"}
{"data":{},"file":"following_handler.go:115","func":"FollowService/http/handler.followingHandler.GetAllUsersFollowings","level":"info","msg":"Handling GETTING ALL USERS FOLLOWINGS","time":"2021-06-13 09:47:57"}
{"data":{},"file":"following_usecase.go:67","func":"FollowService/usecase.followingUseCase.GetAllUsersFollowings","level":"info","msg":"getting all users following","time":"2021-06-13 09:47:57"}
